{"D:\\NamsteReact\\src\\Components\\Contact.js": {"path":"D:\\NamsteReact\\src\\Components\\Contact.js","statementMap":{"0":{"start":{"line":5,"column":2},"end":{"line":60,"column":3}}},"fnMap":{"0":{"name":"Contact","decl":{"start":{"line":4,"column":9},"end":{"line":4,"column":16}},"loc":{"start":{"line":4,"column":19},"end":{"line":61,"column":1}},"line":4}},"branchMap":{},"s":{"0":3},"f":{"0":3},"b":{},"_coverageSchema":"1a1c01bbd47fc00a2c39e90264f33305004495a9","hash":"062e6c136a49e1698507f6c62885d499f51ebd55"}
,"D:\\NamsteReact\\src\\Components\\Header.js": {"path":"D:\\NamsteReact\\src\\Components\\Header.js","statementMap":{"0":{"start":{"line":9,"column":34},"end":{"line":9,"column":51}},"1":{"start":{"line":11,"column":16},"end":{"line":11,"column":40}},"2":{"start":{"line":12,"column":19},"end":{"line":12,"column":59}},"3":{"start":{"line":12,"column":42},"end":{"line":12,"column":58}},"4":{"start":{"line":14,"column":4},"end":{"line":31,"column":5}},"5":{"start":{"line":26,"column":25},"end":{"line":26,"column":91}}},"fnMap":{"0":{"name":"Header","decl":{"start":{"line":7,"column":9},"end":{"line":7,"column":15}},"loc":{"start":{"line":7,"column":18},"end":{"line":32,"column":1}},"line":7},"1":{"name":"(anonymous_1)","decl":{"start":{"line":12,"column":31},"end":{"line":12,"column":32}},"loc":{"start":{"line":12,"column":42},"end":{"line":12,"column":58}},"line":12},"2":{"name":"(anonymous_2)","decl":{"start":{"line":25,"column":165},"end":{"line":25,"column":166}},"loc":{"start":{"line":26,"column":24},"end":{"line":26,"column":92}},"line":26}},"branchMap":{"0":{"loc":{"start":{"line":26,"column":25},"end":{"line":26,"column":91}},"type":"cond-expr","locations":[{"start":{"line":26,"column":47},"end":{"line":26,"column":68}},{"start":{"line":26,"column":71},"end":{"line":26,"column":91}}],"line":26}},"s":{"0":4,"1":4,"2":4,"3":7,"4":4,"5":1},"f":{"0":4,"1":7,"2":1},"b":{"0":[1,0]},"_coverageSchema":"1a1c01bbd47fc00a2c39e90264f33305004495a9","hash":"462deda75f14793eb4e2301449b6a910a99f3629"}
,"D:\\NamsteReact\\src\\Components\\Restaurant.js": {"path":"D:\\NamsteReact\\src\\Components\\Restaurant.js","statementMap":{"0":{"start":{"line":5,"column":26},"end":{"line":22,"column":1}},"1":{"start":{"line":6,"column":25},"end":{"line":6,"column":30}},"2":{"start":{"line":8,"column":19},"end":{"line":8,"column":43}},"3":{"start":{"line":10,"column":78},"end":{"line":10,"column":94}},"4":{"start":{"line":11,"column":4},"end":{"line":21,"column":5}},"5":{"start":{"line":25,"column":21},"end":{"line":34,"column":3}},"6":{"start":{"line":26,"column":4},"end":{"line":33,"column":5}},"7":{"start":{"line":27,"column":6},"end":{"line":32,"column":7}}},"fnMap":{"0":{"name":"(anonymous_0)","decl":{"start":{"line":5,"column":26},"end":{"line":5,"column":27}},"loc":{"start":{"line":5,"column":37},"end":{"line":22,"column":1}},"line":5},"1":{"name":"(anonymous_1)","decl":{"start":{"line":25,"column":21},"end":{"line":25,"column":22}},"loc":{"start":{"line":25,"column":36},"end":{"line":34,"column":3}},"line":25},"2":{"name":"(anonymous_2)","decl":{"start":{"line":26,"column":11},"end":{"line":26,"column":12}},"loc":{"start":{"line":26,"column":21},"end":{"line":33,"column":5}},"line":26}},"branchMap":{},"s":{"0":1,"1":2,"2":2,"3":2,"4":2,"5":1,"6":1,"7":1},"f":{"0":2,"1":1,"2":1},"b":{},"_coverageSchema":"1a1c01bbd47fc00a2c39e90264f33305004495a9","hash":"f0df5a7d88fb4a5b07088b8cca42266cd0bf7d7b"}
,"D:\\NamsteReact\\src\\Components\\Sum.js": {"path":"D:\\NamsteReact\\src\\Components\\Sum.js","statementMap":{"0":{"start":{"line":1,"column":19},"end":{"line":3,"column":1}},"1":{"start":{"line":2,"column":2},"end":{"line":2,"column":15}}},"fnMap":{"0":{"name":"(anonymous_0)","decl":{"start":{"line":1,"column":19},"end":{"line":1,"column":20}},"loc":{"start":{"line":1,"column":28},"end":{"line":3,"column":1}},"line":1}},"branchMap":{},"s":{"0":1,"1":1},"f":{"0":1},"b":{},"_coverageSchema":"1a1c01bbd47fc00a2c39e90264f33305004495a9","hash":"45291eaf5ef1fe58cb2873bb5b950fd789975c59"}
,"D:\\NamsteReact\\utils\\UrlData.js": {"path":"D:\\NamsteReact\\utils\\UrlData.js","statementMap":{"0":{"start":{"line":1,"column":24},"end":{"line":1,"column":114}},"1":{"start":{"line":2,"column":24},"end":{"line":2,"column":168}},"2":{"start":{"line":3,"column":24},"end":{"line":3,"column":147}},"3":{"start":{"line":4,"column":25},"end":{"line":4,"column":108}}},"fnMap":{},"branchMap":{},"s":{"0":3,"1":3,"2":3,"3":3},"f":{},"b":{},"_coverageSchema":"1a1c01bbd47fc00a2c39e90264f33305004495a9","hash":"0e06f642f2e3e765678bdc63987cb19215e770cd"}
,"D:\\NamsteReact\\utils\\UsersContext.js": {"path":"D:\\NamsteReact\\utils\\UsersContext.js","statementMap":{"0":{"start":{"line":3,"column":21},"end":{"line":6,"column":2}}},"fnMap":{},"branchMap":{},"s":{"0":3},"f":{},"b":{},"_coverageSchema":"1a1c01bbd47fc00a2c39e90264f33305004495a9","hash":"04ae2181639b8fa4c1f8eabf017f9efa4859e0c5"}
,"D:\\NamsteReact\\utils\\appStore.js": {"path":"D:\\NamsteReact\\utils\\appStore.js","statementMap":{"0":{"start":{"line":3,"column":17},"end":{"line":7,"column":2}}},"fnMap":{},"branchMap":{},"s":{"0":1},"f":{},"b":{},"_coverageSchema":"1a1c01bbd47fc00a2c39e90264f33305004495a9","hash":"c4fc0919315802692ee2f291096907f3f09d8434"}
,"D:\\NamsteReact\\utils\\cartSlice.js": {"path":"D:\\NamsteReact\\utils\\cartSlice.js","statementMap":{"0":{"start":{"line":3,"column":18},"end":{"line":19,"column":2}},"1":{"start":{"line":10,"column":12},"end":{"line":10,"column":45}},"2":{"start":{"line":13,"column":12},"end":{"line":13,"column":29}},"3":{"start":{"line":16,"column":12},"end":{"line":16,"column":28}},"4":{"start":{"line":21,"column":49},"end":{"line":21,"column":66}}},"fnMap":{"0":{"name":"(anonymous_0)","decl":{"start":{"line":9,"column":18},"end":{"line":9,"column":19}},"loc":{"start":{"line":9,"column":36},"end":{"line":11,"column":9}},"line":9},"1":{"name":"(anonymous_1)","decl":{"start":{"line":12,"column":22},"end":{"line":12,"column":23}},"loc":{"start":{"line":12,"column":40},"end":{"line":14,"column":9}},"line":12},"2":{"name":"(anonymous_2)","decl":{"start":{"line":15,"column":20},"end":{"line":15,"column":21}},"loc":{"start":{"line":15,"column":38},"end":{"line":17,"column":9}},"line":15}},"branchMap":{},"s":{"0":1,"1":0,"2":0,"3":0,"4":1},"f":{"0":0,"1":0,"2":0},"b":{},"_coverageSchema":"1a1c01bbd47fc00a2c39e90264f33305004495a9","hash":"1dcc28cd558fd3a3c6313dc8653f2e91a45d0a72"}
}
